<?xml version="1.0" encoding="UTF-8"?>
<testng-results ignored="0" total="1" passed="1" failed="0" skipped="0">
  <reporter-output>
  </reporter-output>
  <suite started-at="2018-08-10T12:46:01Z" name="MailChimp_Demo_QA_Automation_Test_Report" finished-at="2018-08-10T12:48:02Z" duration-ms="121630">
    <groups>
    </groups>
    <test started-at="2018-08-10T12:46:01Z" name="Test Automation MailChimp6" finished-at="2018-08-10T12:48:02Z" duration-ms="121630">
      <class name="com.mailchimp.automation.testcases.CampaignPageTest">
        <test-method is-config="true" signature="setUp()[pri:0, instance:com.mailchimp.automation.testcases.CampaignPageTest@b968a76]" started-at="2018-08-10T18:46:01Z" name="setUp" finished-at="2018-08-10T18:46:32Z" duration-ms="31338" status="PASS">
          <reporter-output>
          </reporter-output>
        </test-method> <!-- setUp -->
        <test-method signature="createCampaign()[pri:1, instance:com.mailchimp.automation.testcases.CampaignPageTest@b968a76]" started-at="2018-08-10T18:46:32Z" name="createCampaign" finished-at="2018-08-10T18:47:59Z" duration-ms="87450" status="PASS">
          <reporter-output>
          </reporter-output>
        </test-method> <!-- createCampaign -->
        <test-method is-config="true" signature="cleanUp()[pri:0, instance:com.mailchimp.automation.testcases.CampaignPageTest@b968a76]" started-at="2018-08-10T18:48:00Z" name="cleanUp" finished-at="2018-08-10T18:48:00Z" duration-ms="0" status="PASS">
          <reporter-output>
          </reporter-output>
        </test-method> <!-- cleanUp -->
        <test-method is-config="true" signature="GoToHome()[pri:0, instance:com.mailchimp.automation.testcases.CampaignPageTest@b968a76]" started-at="2018-08-10T18:48:00Z" name="GoToHome" finished-at="2018-08-10T18:48:02Z" duration-ms="2375" status="PASS">
          <reporter-output>
          </reporter-output>
        </test-method> <!-- GoToHome -->
      </class> <!-- com.mailchimp.automation.testcases.CampaignPageTest -->
    </test> <!-- Test Automation MailChimp6 -->
  </suite> <!-- MailChimp_Demo_QA_Automation_Test_Report -->
</testng-results>
