<?xml version="1.0" encoding="UTF-8"?>
<!-- Generated by org.testng.reporters.JUnitXMLReporter -->
<testsuite ignored="0" hostname="DESKTOP-0E4BT9V" failures="0" tests="5" name="Default test" time="0.081" errors="0" timestamp="13 Aug 2018 06:59:22 GMT">
  <testcase classname="com.mailchimp.automation.testcases.LoginPageTest" name="@BeforeTest setUp" time="0.016">
    <failure type="java.lang.NullPointerException">
      <![CDATA[java.lang.NullPointerException
	at com.mailchimp.automation.suite.TestHelper.setUpDriver(TestHelper.java:37)
	at com.mailchimp.automation.suite.TestHelper.getCurrentDriver(TestHelper.java:95)
	at com.mailchimp.automation.pages.PageBase.<init>(PageBase.java:11)
	at com.mailchimp.automation.pages.HomePage.<init>(HomePage.java:40)
	at com.mailchimp.automation.testcases.LoginPageTest.setUp(LoginPageTest.java:23)
	at java.base/jdk.internal.reflect.NativeMethodAccessorImpl.invoke0(Native Method)
	at java.base/jdk.internal.reflect.NativeMethodAccessorImpl.invoke(Unknown Source)
	at java.base/jdk.internal.reflect.DelegatingMethodAccessorImpl.invoke(Unknown Source)
	at java.base/java.lang.reflect.Method.invoke(Unknown Source)
	at org.testng.internal.MethodInvocationHelper.invokeMethod(MethodInvocationHelper.java:108)
	at org.testng.internal.Invoker.invokeConfigurationMethod(Invoker.java:523)
	at org.testng.internal.Invoker.invokeConfigurations(Invoker.java:224)
	at org.testng.internal.Invoker.invokeConfigurations(Invoker.java:146)
	at org.testng.TestRunner.beforeRun(TestRunner.java:626)
	at org.testng.TestRunner.run(TestRunner.java:594)
	at org.testng.SuiteRunner.runTest(SuiteRunner.java:380)
	at org.testng.SuiteRunner.runSequentially(SuiteRunner.java:375)
	at org.testng.SuiteRunner.privateRun(SuiteRunner.java:340)
	at org.testng.SuiteRunner.run(SuiteRunner.java:289)
	at org.testng.SuiteRunnerWorker.runSuite(SuiteRunnerWorker.java:52)
	at org.testng.SuiteRunnerWorker.run(SuiteRunnerWorker.java:86)
	at org.testng.TestNG.runSuitesSequentially(TestNG.java:1301)
	at org.testng.TestNG.runSuitesLocally(TestNG.java:1226)
	at org.testng.TestNG.runSuites(TestNG.java:1144)
	at org.testng.TestNG.run(TestNG.java:1115)
	at org.testng.remote.AbstractRemoteTestNG.run(AbstractRemoteTestNG.java:114)
	at org.testng.remote.RemoteTestNG.initAndRun(RemoteTestNG.java:251)
	at org.testng.remote.RemoteTestNG.main(RemoteTestNG.java:77)
]]>
    </failure>
  </testcase> <!-- @BeforeTest setUp -->
  <testcase classname="com.mailchimp.automation.testcases.LoginPageTest" name="@AfterTest GoToHome" time="0.0">
    <skipped/>
  </testcase> <!-- @AfterTest GoToHome -->
  <testcase classname="com.mailchimp.automation.testcases.LoginPageTest" name="logInPageTitleTest" time="0.0">
    <skipped/>
  </testcase> <!-- logInPageTitleTest -->
  <testcase classname="com.mailchimp.automation.testcases.LoginPageTest" name="loginElementTextTest" time="0.0">
    <skipped/>
  </testcase> <!-- loginElementTextTest -->
  <testcase classname="com.mailchimp.automation.testcases.LoginPageTest" name="keepMeLogInElementTextTest" time="0.0">
    <skipped/>
  </testcase> <!-- keepMeLogInElementTextTest -->
  <testcase classname="com.mailchimp.automation.testcases.LoginPageTest" name="needAccountElementTextTest" time="0.0">
    <skipped/>
  </testcase> <!-- needAccountElementTextTest -->
  <testcase classname="com.mailchimp.automation.testcases.LoginPageTest" name="linkCreateAccountTest" time="0.0">
    <skipped/>
  </testcase> <!-- linkCreateAccountTest -->
</testsuite> <!-- Default test -->
