<?xml version="1.0" encoding="UTF-8"?>
<testng-results ignored="0" total="5" passed="5" failed="0" skipped="0">
  <reporter-output>
  </reporter-output>
  <suite started-at="2018-08-09T13:34:34Z" name="MailChimp_Demo_QA_Automation_Test_Report" finished-at="2018-08-09T13:34:36Z" duration-ms="1908">
    <groups>
    </groups>
    <test started-at="2018-08-09T13:34:34Z" name="Test Automation MailChimp" finished-at="2018-08-09T13:34:36Z" duration-ms="1908">
      <class name="com.mailchimp.automation.testcases.AnnotationTest">
        <test-method is-config="true" signature="setUp()[pri:0, instance:com.mailchimp.automation.testcases.AnnotationTest@54227100]" started-at="2018-08-09T19:34:34Z" name="setUp" finished-at="2018-08-09T19:34:34Z" duration-ms="0" status="PASS">
          <reporter-output>
          </reporter-output>
        </test-method> <!-- setUp -->
        <test-method signature="f1()[pri:0, instance:com.mailchimp.automation.testcases.AnnotationTest@54227100]" started-at="2018-08-09T19:34:34Z" name="f1" finished-at="2018-08-09T19:34:34Z" duration-ms="0" status="PASS">
          <reporter-output>
          </reporter-output>
        </test-method> <!-- f1 -->
        <test-method is-config="true" signature="setUp()[pri:0, instance:com.mailchimp.automation.testcases.AnnotationTest@54227100]" started-at="2018-08-09T19:34:34Z" name="setUp" finished-at="2018-08-09T19:34:34Z" duration-ms="0" status="PASS">
          <reporter-output>
          </reporter-output>
        </test-method> <!-- setUp -->
        <test-method is-config="true" signature="cleanUp()[pri:0, instance:com.mailchimp.automation.testcases.AnnotationTest@54227100]" started-at="2018-08-09T19:34:34Z" name="cleanUp" finished-at="2018-08-09T19:34:34Z" duration-ms="0" status="PASS">
          <reporter-output>
          </reporter-output>
        </test-method> <!-- cleanUp -->
        <test-method signature="f2()[pri:0, instance:com.mailchimp.automation.testcases.AnnotationTest@54227100]" started-at="2018-08-09T19:34:34Z" name="f2" finished-at="2018-08-09T19:34:34Z" duration-ms="0" status="PASS">
          <reporter-output>
          </reporter-output>
        </test-method> <!-- f2 -->
        <test-method signature="f3()[pri:0, instance:com.mailchimp.automation.testcases.AnnotationTest@54227100]" started-at="2018-08-09T19:34:35Z" name="f3" finished-at="2018-08-09T19:34:35Z" duration-ms="0" status="PASS">
          <reporter-output>
          </reporter-output>
        </test-method> <!-- f3 -->
        <test-method is-config="true" signature="cleanUp()[pri:0, instance:com.mailchimp.automation.testcases.AnnotationTest@54227100]" started-at="2018-08-09T19:34:35Z" name="cleanUp" finished-at="2018-08-09T19:34:35Z" duration-ms="0" status="PASS">
          <reporter-output>
          </reporter-output>
        </test-method> <!-- cleanUp -->
        <test-method is-config="true" signature="setUp()[pri:0, instance:com.mailchimp.automation.testcases.AnnotationTest@54227100]" started-at="2018-08-09T19:34:35Z" name="setUp" finished-at="2018-08-09T19:34:35Z" duration-ms="0" status="PASS">
          <reporter-output>
          </reporter-output>
        </test-method> <!-- setUp -->
        <test-method is-config="true" signature="cleanUp()[pri:0, instance:com.mailchimp.automation.testcases.AnnotationTest@54227100]" started-at="2018-08-09T19:34:35Z" name="cleanUp" finished-at="2018-08-09T19:34:35Z" duration-ms="0" status="PASS">
          <reporter-output>
          </reporter-output>
        </test-method> <!-- cleanUp -->
        <test-method signature="f4()[pri:0, instance:com.mailchimp.automation.testcases.AnnotationTest@54227100]" started-at="2018-08-09T19:34:35Z" name="f4" finished-at="2018-08-09T19:34:35Z" duration-ms="0" status="PASS">
          <reporter-output>
          </reporter-output>
        </test-method> <!-- f4 -->
        <test-method is-config="true" signature="setUp()[pri:0, instance:com.mailchimp.automation.testcases.AnnotationTest@54227100]" started-at="2018-08-09T19:34:35Z" name="setUp" finished-at="2018-08-09T19:34:35Z" duration-ms="0" status="PASS">
          <reporter-output>
          </reporter-output>
        </test-method> <!-- setUp -->
        <test-method signature="f5()[pri:0, instance:com.mailchimp.automation.testcases.AnnotationTest@54227100]" started-at="2018-08-09T19:34:35Z" name="f5" finished-at="2018-08-09T19:34:35Z" duration-ms="0" status="PASS">
          <reporter-output>
          </reporter-output>
        </test-method> <!-- f5 -->
        <test-method is-config="true" signature="setUp()[pri:0, instance:com.mailchimp.automation.testcases.AnnotationTest@54227100]" started-at="2018-08-09T19:34:35Z" name="setUp" finished-at="2018-08-09T19:34:35Z" duration-ms="0" status="PASS">
          <reporter-output>
          </reporter-output>
        </test-method> <!-- setUp -->
        <test-method is-config="true" signature="cleanUp()[pri:0, instance:com.mailchimp.automation.testcases.AnnotationTest@54227100]" started-at="2018-08-09T19:34:35Z" name="cleanUp" finished-at="2018-08-09T19:34:35Z" duration-ms="0" status="PASS">
          <reporter-output>
          </reporter-output>
        </test-method> <!-- cleanUp -->
        <test-method is-config="true" signature="cleanUp()[pri:0, instance:com.mailchimp.automation.testcases.AnnotationTest@54227100]" started-at="2018-08-09T19:34:36Z" name="cleanUp" finished-at="2018-08-09T19:34:36Z" duration-ms="0" status="PASS">
          <reporter-output>
          </reporter-output>
        </test-method> <!-- cleanUp -->
      </class> <!-- com.mailchimp.automation.testcases.AnnotationTest -->
    </test> <!-- Test Automation MailChimp -->
  </suite> <!-- MailChimp_Demo_QA_Automation_Test_Report -->
</testng-results>
