<?xml version="1.0" encoding="UTF-8"?>
<!-- Generated by org.testng.reporters.JUnitXMLReporter -->
<testsuite ignored="0" hostname="DESKTOP-0E4BT9V" failures="0" tests="46" name="Test" time="0.362" errors="0" timestamp="13 Aug 2018 10:11:20 GMT">
  <testcase classname="com.mailchimp.automation.testcases.CampaignPageTest" name="@BeforeTest setUp" time="0.0">
    <failure type="java.lang.NullPointerException">
      <![CDATA[java.lang.NullPointerException
	at com.mailchimp.automation.suite.TestHelper.setUpDriver(TestHelper.java:37)
	at com.mailchimp.automation.suite.TestHelper.getCurrentDriver(TestHelper.java:95)
	at com.mailchimp.automation.pages.PageBase.<init>(PageBase.java:11)
	at com.mailchimp.automation.pages.HomePage.<init>(HomePage.java:40)
	at com.mailchimp.automation.testcases.CampaignPageTest.setUp(CampaignPageTest.java:26)
... Removed 23 stack frames]]>
    </failure>
  </testcase> <!-- @BeforeTest setUp -->
  <testcase classname="com.mailchimp.automation.testcases.DashBoardPageTest" name="@BeforeTest setUp" time="0.0">
    <skipped/>
  </testcase> <!-- @BeforeTest setUp -->
  <testcase classname="com.mailchimp.automation.testcases.HomePageTest" name="@BeforeTest setUp" time="0.0">
    <skipped/>
  </testcase> <!-- @BeforeTest setUp -->
  <testcase classname="com.mailchimp.automation.testcases.ListPageTest" name="@BeforeTest setUp" time="0.0">
    <skipped/>
  </testcase> <!-- @BeforeTest setUp -->
  <testcase classname="com.mailchimp.automation.testcases.LoginPageTest" name="@BeforeTest setUp" time="0.0">
    <skipped/>
  </testcase> <!-- @BeforeTest setUp -->
  <testcase classname="com.mailchimp.automation.testcases.SignUpPageTest" name="@BeforeTest setUp" time="0.0">
    <skipped/>
  </testcase> <!-- @BeforeTest setUp -->
  <testcase classname="com.mailchimp.automation.testcases.TemplatePageTest" name="@BeforeTest setUp" time="0.0">
    <skipped/>
  </testcase> <!-- @BeforeTest setUp -->
  <testcase classname="com.mailchimp.automation.testcases.TestPageBase" name="@BeforeTest testBeforeTest" time="0.0">
    <skipped/>
  </testcase> <!-- @BeforeTest testBeforeTest -->
  <testcase classname="com.mailchimp.automation.testcases.AnnotationTest" name="@BeforeMethod setUp" time="0.0">
    <skipped/>
  </testcase> <!-- @BeforeMethod setUp -->
  <testcase classname="com.mailchimp.automation.testcases.AnnotationTest" name="@BeforeMethod setUp" time="0.0">
    <skipped/>
  </testcase> <!-- @BeforeMethod setUp -->
  <testcase classname="com.mailchimp.automation.testcases.AnnotationTest" name="@BeforeMethod setUp" time="0.0">
    <skipped/>
  </testcase> <!-- @BeforeMethod setUp -->
  <testcase classname="com.mailchimp.automation.testcases.AnnotationTest" name="@BeforeMethod setUp" time="0.0">
    <skipped/>
  </testcase> <!-- @BeforeMethod setUp -->
  <testcase classname="com.mailchimp.automation.testcases.AnnotationTest" name="@BeforeMethod setUp" time="0.0">
    <skipped/>
  </testcase> <!-- @BeforeMethod setUp -->
  <testcase classname="com.mailchimp.automation.testcases.AboutPageTest" name="@BeforeClass setUp" time="0.0">
    <skipped/>
  </testcase> <!-- @BeforeClass setUp -->
  <testcase classname="com.mailchimp.automation.testcases.AboutPageTest" name="@AfterClass tearDown" time="0.0">
    <skipped/>
  </testcase> <!-- @AfterClass tearDown -->
  <testcase classname="com.mailchimp.automation.testcases.AnnotationTest" name="@AfterTest fass" time="0.0">
    <skipped/>
  </testcase> <!-- @AfterTest fass -->
  <testcase classname="com.mailchimp.automation.testcases.CampaignPageTest" name="@AfterTest GoToHome" time="0.0">
    <skipped/>
  </testcase> <!-- @AfterTest GoToHome -->
  <testcase classname="com.mailchimp.automation.testcases.DashBoardPageTest" name="@AfterTest GoToHome" time="0.0">
    <skipped/>
  </testcase> <!-- @AfterTest GoToHome -->
  <testcase classname="com.mailchimp.automation.testcases.ListPageTest" name="@AfterTest GoToHome" time="0.0">
    <skipped/>
  </testcase> <!-- @AfterTest GoToHome -->
  <testcase classname="com.mailchimp.automation.testcases.LoginPageTest" name="@AfterTest GoToHome" time="0.0">
    <skipped/>
  </testcase> <!-- @AfterTest GoToHome -->
  <testcase classname="com.mailchimp.automation.testcases.SignUpPageTest" name="@AfterTest GoToHome" time="0.0">
    <skipped/>
  </testcase> <!-- @AfterTest GoToHome -->
  <testcase classname="com.mailchimp.automation.testcases.TemplatePageTest" name="@AfterTest GoToHome" time="0.0">
    <skipped/>
  </testcase> <!-- @AfterTest GoToHome -->
  <testcase classname="com.mailchimp.automation.testcases.TestPageBase" name="@AfterTest testAfterTest" time="0.0">
    <skipped/>
  </testcase> <!-- @AfterTest testAfterTest -->
  <testcase classname="com.mailchimp.automation.testcases.SignUpPageTest" name="signUpPageTitleTest" time="0.0">
    <skipped/>
  </testcase> <!-- signUpPageTitleTest -->
  <testcase classname="com.mailchimp.automation.testcases.DashBoardPageTest" name="checkTitle" time="0.0">
    <skipped/>
  </testcase> <!-- checkTitle -->
  <testcase classname="com.mailchimp.automation.testcases.AnnotationTest" name="f1" time="0.0">
    <skipped/>
  </testcase> <!-- f1 -->
  <testcase classname="com.mailchimp.automation.testcases.AnnotationTest" name="f2" time="0.0">
    <skipped/>
  </testcase> <!-- f2 -->
  <testcase classname="com.mailchimp.automation.testcases.AnnotationTest" name="f3" time="0.0">
    <skipped/>
  </testcase> <!-- f3 -->
  <testcase classname="com.mailchimp.automation.testcases.AnnotationTest" name="f4" time="0.0">
    <skipped/>
  </testcase> <!-- f4 -->
  <testcase classname="com.mailchimp.automation.testcases.AnnotationTest" name="f5" time="0.0">
    <skipped/>
  </testcase> <!-- f5 -->
  <testcase classname="com.mailchimp.automation.testcases.CampaignPageTest" name="createCampaign" time="0.0">
    <skipped/>
  </testcase> <!-- createCampaign -->
  <testcase classname="com.mailchimp.automation.testcases.DashBoardPageTest" name="clickToReport" time="0.0">
    <skipped/>
  </testcase> <!-- clickToReport -->
  <testcase classname="com.mailchimp.automation.testcases.LoginPageTest" name="logInPageTitleTest" time="0.0">
    <skipped/>
  </testcase> <!-- logInPageTitleTest -->
  <testcase classname="com.mailchimp.automation.testcases.SignUpPageTest" name="logInLinkTest" time="0.0">
    <skipped/>
  </testcase> <!-- logInLinkTest -->
  <testcase classname="com.mailchimp.automation.testcases.ListPageTest" name="createList" time="0.0">
    <skipped/>
  </testcase> <!-- createList -->
  <testcase classname="com.mailchimp.automation.testcases.HomePageTest" name="verifyHomePageTitleTest" time="0.0">
    <skipped/>
  </testcase> <!-- verifyHomePageTitleTest -->
  <testcase classname="com.mailchimp.automation.testcases.TemplatePageTest" name="createList" time="0.0">
    <skipped/>
  </testcase> <!-- createList -->
  <testcase classname="com.mailchimp.automation.testcases.AboutPageTest" name="saveLeadershipList" time="0.0">
    <skipped/>
  </testcase> <!-- saveLeadershipList -->
  <testcase classname="com.mailchimp.automation.testcases.DashBoardPageTest" name="clickToListlink" time="0.0">
    <skipped/>
  </testcase> <!-- clickToListlink -->
  <testcase classname="com.mailchimp.automation.testcases.HomePageTest" name="verifyPricingTitleTest" time="0.0">
    <skipped/>
  </testcase> <!-- verifyPricingTitleTest -->
  <testcase classname="com.mailchimp.automation.testcases.LoginPageTest" name="loginElementTextTest" time="0.0">
    <skipped/>
  </testcase> <!-- loginElementTextTest -->
  <testcase classname="com.mailchimp.automation.testcases.SignUpPageTest" name="signUp_With_Invalid_Email_Test" time="0.0">
    <skipped/>
  </testcase> <!-- signUp_With_Invalid_Email_Test -->
  <testcase classname="com.mailchimp.automation.testcases.DashBoardPageTest" name="clickToCampaignLink" time="0.0">
    <skipped/>
  </testcase> <!-- clickToCampaignLink -->
  <testcase classname="com.mailchimp.automation.testcases.HomePageTest" name="verifyFeaturesTitleTest" time="0.0">
    <skipped/>
  </testcase> <!-- verifyFeaturesTitleTest -->
  <testcase classname="com.mailchimp.automation.testcases.LoginPageTest" name="keepMeLogInElementTextTest" time="0.0">
    <skipped/>
  </testcase> <!-- keepMeLogInElementTextTest -->
  <testcase classname="com.mailchimp.automation.testcases.SignUpPageTest" name="signUp_With_Invalid_Email_And_Existing_UserName_Test" time="0.0">
    <skipped/>
  </testcase> <!-- signUp_With_Invalid_Email_And_Existing_UserName_Test -->
  <testcase classname="com.mailchimp.automation.testcases.DashBoardPageTest" name="clickToTemplateLink" time="0.0">
    <skipped/>
  </testcase> <!-- clickToTemplateLink -->
  <testcase classname="com.mailchimp.automation.testcases.HomePageTest" name="verifyLearningTitleTest" time="0.0">
    <skipped/>
  </testcase> <!-- verifyLearningTitleTest -->
  <testcase classname="com.mailchimp.automation.testcases.LoginPageTest" name="needAccountElementTextTest" time="0.0">
    <skipped/>
  </testcase> <!-- needAccountElementTextTest -->
  <testcase classname="com.mailchimp.automation.testcases.SignUpPageTest" name="signUp_With_Valid_Email_And_UserName_Test" time="0.0">
    <skipped/>
  </testcase> <!-- signUp_With_Valid_Email_And_UserName_Test -->
  <testcase classname="com.mailchimp.automation.testcases.DashBoardPageTest" name="clickToHelpLink" time="0.0">
    <skipped/>
  </testcase> <!-- clickToHelpLink -->
  <testcase classname="com.mailchimp.automation.testcases.HomePageTest" name="verifyBlogTitleTest" time="0.0">
    <skipped/>
  </testcase> <!-- verifyBlogTitleTest -->
  <testcase classname="com.mailchimp.automation.testcases.LoginPageTest" name="linkCreateAccountTest" time="0.0">
    <skipped/>
  </testcase> <!-- linkCreateAccountTest -->
  <testcase classname="com.mailchimp.automation.testcases.DashBoardPageTest" name="clickToProfile" time="0.0">
    <skipped/>
  </testcase> <!-- clickToProfile -->
  <testcase classname="com.mailchimp.automation.testcases.HomePageTest" name="verifyWhatsNewTitleTest" time="0.0">
    <skipped/>
  </testcase> <!-- verifyWhatsNewTitleTest -->
  <testcase classname="com.mailchimp.automation.testcases.LoginPageTest" name="loginWithBlankInformationTest" time="0.0">
    <skipped/>
  </testcase> <!-- loginWithBlankInformationTest -->
  <testcase classname="com.mailchimp.automation.testcases.DashBoardPageTest" name="clickToAccount" time="0.015">
    <skipped/>
  </testcase> <!-- clickToAccount -->
  <testcase classname="com.mailchimp.automation.testcases.HomePageTest" name="verifyLoginTitleTest" time="0.0">
    <skipped/>
  </testcase> <!-- verifyLoginTitleTest -->
  <testcase classname="com.mailchimp.automation.testcases.LoginPageTest" name="loginWithoutPasswordTest" time="0.0">
    <skipped/>
  </testcase> <!-- loginWithoutPasswordTest -->
  <testcase classname="com.mailchimp.automation.testcases.DashBoardPageTest" name="clickToConnectedSite" time="0.0">
    <skipped/>
  </testcase> <!-- clickToConnectedSite -->
  <testcase classname="com.mailchimp.automation.testcases.HomePageTest" name="verifySignUpTitleTest" time="0.0">
    <skipped/>
  </testcase> <!-- verifySignUpTitleTest -->
  <testcase classname="com.mailchimp.automation.testcases.LoginPageTest" name="loginWithoutUserNameTest" time="0.0">
    <skipped/>
  </testcase> <!-- loginWithoutUserNameTest -->
  <testcase classname="com.mailchimp.automation.testcases.DashBoardPageTest" name="clickToNotification" time="0.0">
    <skipped/>
  </testcase> <!-- clickToNotification -->
  <testcase classname="com.mailchimp.automation.testcases.HomePageTest" name="verifySupportTitleTest" time="0.0">
    <skipped/>
  </testcase> <!-- verifySupportTitleTest -->
  <testcase classname="com.mailchimp.automation.testcases.LoginPageTest" name="loginWithWrongInfoTest" time="0.0">
    <skipped/>
  </testcase> <!-- loginWithWrongInfoTest -->
  <testcase classname="com.mailchimp.automation.testcases.DashBoardPageTest" name="clickToLogout" time="0.0">
    <skipped/>
  </testcase> <!-- clickToLogout -->
  <testcase classname="com.mailchimp.automation.testcases.LoginPageTest" name="loginWithValidInfoTest" time="0.0">
    <skipped/>
  </testcase> <!-- loginWithValidInfoTest -->
  <testcase classname="com.mailchimp.automation.testcases.LoginPageTest" name="logoutFromDashBoardAndForgotUserNameTest" time="0.0">
    <skipped/>
  </testcase> <!-- logoutFromDashBoardAndForgotUserNameTest -->
  <testcase classname="com.mailchimp.automation.testcases.LoginPageTest" name="linkForgetPasswordTest" time="0.0">
    <skipped/>
  </testcase> <!-- linkForgetPasswordTest -->
</testsuite> <!-- Test -->
