<?xml version="1.0" encoding="UTF-8"?>
<testng-results ignored="0" total="2" passed="0" failed="0" skipped="2">
  <reporter-output>
  </reporter-output>
  <suite started-at="2018-08-09T10:21:26Z" name="MailChimp_Demo_QA_Automation_Test_Report" finished-at="2018-08-09T10:21:26Z" duration-ms="43">
    <groups>
    </groups>
    <test started-at="2018-08-09T10:21:26Z" name="Test Automation MailChimp" finished-at="2018-08-09T10:21:26Z" duration-ms="43">
      <class name="com.mailchimp.automation.testcases.HomePageTest">
        <test-method is-config="true" signature="setUp()[pri:0, instance:com.mailchimp.automation.testcases.HomePageTest@b968a76]" started-at="2018-08-09T16:21:26Z" name="setUp" finished-at="2018-08-09T16:21:26Z" duration-ms="12" status="FAIL">
          <exception class="java.lang.Error">
            <message>
              <![CDATA[Unresolved compilation problems: 
	Duplicate field HomePage.signUpLink
	Duplicate field HomePage.loginLink
	Duplicate field HomePage.signUpLink
	Duplicate field HomePage.loginLink
]]>
            </message>
            <full-stacktrace>
              <![CDATA[java.lang.Error: Unresolved compilation problems: 
	Duplicate field HomePage.signUpLink
	Duplicate field HomePage.loginLink
	Duplicate field HomePage.signUpLink
	Duplicate field HomePage.loginLink

	at com.mailchimp.automation.pages.HomePage.<init>(HomePage.java:15)
	at com.mailchimp.automation.testcases.HomePageTest.setUp(HomePageTest.java:28)
	at java.base/jdk.internal.reflect.NativeMethodAccessorImpl.invoke0(Native Method)
	at java.base/jdk.internal.reflect.NativeMethodAccessorImpl.invoke(Unknown Source)
	at java.base/jdk.internal.reflect.DelegatingMethodAccessorImpl.invoke(Unknown Source)
	at java.base/java.lang.reflect.Method.invoke(Unknown Source)
	at org.testng.internal.MethodInvocationHelper.invokeMethod(MethodInvocationHelper.java:108)
	at org.testng.internal.Invoker.invokeConfigurationMethod(Invoker.java:523)
	at org.testng.internal.Invoker.invokeConfigurations(Invoker.java:224)
	at org.testng.internal.Invoker.invokeMethod(Invoker.java:599)
	at org.testng.internal.Invoker.invokeTestMethod(Invoker.java:869)
	at org.testng.internal.Invoker.invokeTestMethods(Invoker.java:1193)
	at org.testng.internal.TestMethodWorker.invokeTestMethods(TestMethodWorker.java:126)
	at org.testng.internal.TestMethodWorker.run(TestMethodWorker.java:109)
	at org.testng.TestRunner.privateRun(TestRunner.java:744)
	at org.testng.TestRunner.run(TestRunner.java:602)
	at org.testng.SuiteRunner.runTest(SuiteRunner.java:380)
	at org.testng.SuiteRunner.runSequentially(SuiteRunner.java:375)
	at org.testng.SuiteRunner.privateRun(SuiteRunner.java:340)
	at org.testng.SuiteRunner.run(SuiteRunner.java:289)
	at org.testng.SuiteRunnerWorker.runSuite(SuiteRunnerWorker.java:52)
	at org.testng.SuiteRunnerWorker.run(SuiteRunnerWorker.java:86)
	at org.testng.TestNG.runSuitesSequentially(TestNG.java:1301)
	at org.testng.TestNG.runSuitesLocally(TestNG.java:1226)
	at org.testng.TestNG.runSuites(TestNG.java:1144)
	at org.testng.TestNG.run(TestNG.java:1115)
	at com.mailchimp.automation.suite.TestStarter.start(TestStarter.java:37)
	at com.mailchimp.automation.MailChimpApp.main(MailChimpApp.java:20)
]]>
            </full-stacktrace>
          </exception> <!-- java.lang.Error -->
          <reporter-output>
          </reporter-output>
        </test-method> <!-- setUp -->
        <test-method signature="verifyHomePageTitleTest()[pri:1, instance:com.mailchimp.automation.testcases.HomePageTest@b968a76]" started-at="2018-08-09T16:21:26Z" name="verifyHomePageTitleTest" finished-at="2018-08-09T16:21:26Z" duration-ms="0" status="SKIP">
          <exception class="java.lang.Error">
            <message>
              <![CDATA[Unresolved compilation problems: 
	Duplicate field HomePage.signUpLink
	Duplicate field HomePage.loginLink
	Duplicate field HomePage.signUpLink
	Duplicate field HomePage.loginLink
]]>
            </message>
            <full-stacktrace>
              <![CDATA[java.lang.Error: Unresolved compilation problems: 
	Duplicate field HomePage.signUpLink
	Duplicate field HomePage.loginLink
	Duplicate field HomePage.signUpLink
	Duplicate field HomePage.loginLink

	at com.mailchimp.automation.pages.HomePage.<init>(HomePage.java:15)
	at com.mailchimp.automation.testcases.HomePageTest.setUp(HomePageTest.java:28)
	at java.base/jdk.internal.reflect.NativeMethodAccessorImpl.invoke0(Native Method)
	at java.base/jdk.internal.reflect.NativeMethodAccessorImpl.invoke(Unknown Source)
	at java.base/jdk.internal.reflect.DelegatingMethodAccessorImpl.invoke(Unknown Source)
	at java.base/java.lang.reflect.Method.invoke(Unknown Source)
	at org.testng.internal.MethodInvocationHelper.invokeMethod(MethodInvocationHelper.java:108)
	at org.testng.internal.Invoker.invokeConfigurationMethod(Invoker.java:523)
	at org.testng.internal.Invoker.invokeConfigurations(Invoker.java:224)
	at org.testng.internal.Invoker.invokeMethod(Invoker.java:599)
	at org.testng.internal.Invoker.invokeTestMethod(Invoker.java:869)
	at org.testng.internal.Invoker.invokeTestMethods(Invoker.java:1193)
	at org.testng.internal.TestMethodWorker.invokeTestMethods(TestMethodWorker.java:126)
	at org.testng.internal.TestMethodWorker.run(TestMethodWorker.java:109)
	at org.testng.TestRunner.privateRun(TestRunner.java:744)
	at org.testng.TestRunner.run(TestRunner.java:602)
	at org.testng.SuiteRunner.runTest(SuiteRunner.java:380)
	at org.testng.SuiteRunner.runSequentially(SuiteRunner.java:375)
	at org.testng.SuiteRunner.privateRun(SuiteRunner.java:340)
	at org.testng.SuiteRunner.run(SuiteRunner.java:289)
	at org.testng.SuiteRunnerWorker.runSuite(SuiteRunnerWorker.java:52)
	at org.testng.SuiteRunnerWorker.run(SuiteRunnerWorker.java:86)
	at org.testng.TestNG.runSuitesSequentially(TestNG.java:1301)
	at org.testng.TestNG.runSuitesLocally(TestNG.java:1226)
	at org.testng.TestNG.runSuites(TestNG.java:1144)
	at org.testng.TestNG.run(TestNG.java:1115)
	at com.mailchimp.automation.suite.TestStarter.start(TestStarter.java:37)
	at com.mailchimp.automation.MailChimpApp.main(MailChimpApp.java:20)
]]>
            </full-stacktrace>
          </exception> <!-- java.lang.Error -->
          <reporter-output>
          </reporter-output>
        </test-method> <!-- verifyHomePageTitleTest -->
        <test-method signature="verifyPricingTitleTest()[pri:2, instance:com.mailchimp.automation.testcases.HomePageTest@b968a76]" started-at="2018-08-09T16:21:26Z" name="verifyPricingTitleTest" finished-at="2018-08-09T16:21:26Z" duration-ms="0" status="SKIP">
          <exception class="java.lang.Error">
            <message>
              <![CDATA[Unresolved compilation problems: 
	Duplicate field HomePage.signUpLink
	Duplicate field HomePage.loginLink
	Duplicate field HomePage.signUpLink
	Duplicate field HomePage.loginLink
]]>
            </message>
            <full-stacktrace>
              <![CDATA[java.lang.Error: Unresolved compilation problems: 
	Duplicate field HomePage.signUpLink
	Duplicate field HomePage.loginLink
	Duplicate field HomePage.signUpLink
	Duplicate field HomePage.loginLink

	at com.mailchimp.automation.pages.HomePage.<init>(HomePage.java:15)
	at com.mailchimp.automation.testcases.HomePageTest.setUp(HomePageTest.java:28)
	at java.base/jdk.internal.reflect.NativeMethodAccessorImpl.invoke0(Native Method)
	at java.base/jdk.internal.reflect.NativeMethodAccessorImpl.invoke(Unknown Source)
	at java.base/jdk.internal.reflect.DelegatingMethodAccessorImpl.invoke(Unknown Source)
	at java.base/java.lang.reflect.Method.invoke(Unknown Source)
	at org.testng.internal.MethodInvocationHelper.invokeMethod(MethodInvocationHelper.java:108)
	at org.testng.internal.Invoker.invokeConfigurationMethod(Invoker.java:523)
	at org.testng.internal.Invoker.invokeConfigurations(Invoker.java:224)
	at org.testng.internal.Invoker.invokeMethod(Invoker.java:599)
	at org.testng.internal.Invoker.invokeTestMethod(Invoker.java:869)
	at org.testng.internal.Invoker.invokeTestMethods(Invoker.java:1193)
	at org.testng.internal.TestMethodWorker.invokeTestMethods(TestMethodWorker.java:126)
	at org.testng.internal.TestMethodWorker.run(TestMethodWorker.java:109)
	at org.testng.TestRunner.privateRun(TestRunner.java:744)
	at org.testng.TestRunner.run(TestRunner.java:602)
	at org.testng.SuiteRunner.runTest(SuiteRunner.java:380)
	at org.testng.SuiteRunner.runSequentially(SuiteRunner.java:375)
	at org.testng.SuiteRunner.privateRun(SuiteRunner.java:340)
	at org.testng.SuiteRunner.run(SuiteRunner.java:289)
	at org.testng.SuiteRunnerWorker.runSuite(SuiteRunnerWorker.java:52)
	at org.testng.SuiteRunnerWorker.run(SuiteRunnerWorker.java:86)
	at org.testng.TestNG.runSuitesSequentially(TestNG.java:1301)
	at org.testng.TestNG.runSuitesLocally(TestNG.java:1226)
	at org.testng.TestNG.runSuites(TestNG.java:1144)
	at org.testng.TestNG.run(TestNG.java:1115)
	at com.mailchimp.automation.suite.TestStarter.start(TestStarter.java:37)
	at com.mailchimp.automation.MailChimpApp.main(MailChimpApp.java:20)
]]>
            </full-stacktrace>
          </exception> <!-- java.lang.Error -->
          <reporter-output>
          </reporter-output>
        </test-method> <!-- verifyPricingTitleTest -->
        <test-method is-config="true" signature="setUp()[pri:0, instance:com.mailchimp.automation.testcases.HomePageTest@b968a76]" started-at="2018-08-09T16:21:26Z" name="setUp" finished-at="2018-08-09T16:21:26Z" duration-ms="0" status="SKIP">
          <reporter-output>
          </reporter-output>
        </test-method> <!-- setUp -->
      </class> <!-- com.mailchimp.automation.testcases.HomePageTest -->
    </test> <!-- Test Automation MailChimp -->
  </suite> <!-- MailChimp_Demo_QA_Automation_Test_Report -->
</testng-results>
