<html>
<head>
<title>TestNG:  Test Automation MailChimp</title>
<link href="../testng.css" rel="stylesheet" type="text/css" />
<link href="../my-testng.css" rel="stylesheet" type="text/css" />

<style type="text/css">
.log { display: none;} 
.stack-trace { display: none;} 
</style>
<script type="text/javascript">
<!--
function flip(e) {
  current = e.style.display;
  if (current == 'block') {
    e.style.display = 'none';
    return 0;
  }
  else {
    e.style.display = 'block';
    return 1;
  }
}

function toggleBox(szDivId, elem, msg1, msg2)
{
  var res = -1;  if (document.getElementById) {
    res = flip(document.getElementById(szDivId));
  }
  else if (document.all) {
    // this is the way old msie versions work
    res = flip(document.all[szDivId]);
  }
  if(elem) {
    if(res == 0) elem.innerHTML = msg1; else elem.innerHTML = msg2;
  }

}

function toggleAllBoxes() {
  if (document.getElementsByTagName) {
    d = document.getElementsByTagName('div');
    for (i = 0; i < d.length; i++) {
      if (d[i].className == 'log') {
        flip(d[i]);
      }
    }
  }
}

// -->
</script>

</head>
<body>
<h2 align='center'>Test Automation MailChimp</h2><table border='1' align="center">
<tr>
<td>Tests passed/Failed/Skipped:</td><td>7/2/0</td>
</tr><tr>
<td>Started on:</td><td>Thu Aug 09 16:52:13 BDT 2018</td>
</tr>
<tr><td>Total time:</td><td>169 seconds (169367 ms)</td>
</tr><tr>
<td>Included groups:</td><td></td>
</tr><tr>
<td>Excluded groups:</td><td></td>
</tr>
</table><p/>
<small><i>(Hover the method name to see the test class name)</i></small><p/>
<table width='100%' border='1' class='invocation-failed'>
<tr><td colspan='4' align='center'><b>FAILED TESTS</b></td></tr>
<tr><td><b>Test method</b></td>
<td width="30%"><b>Exception</b></td>
<td width="10%"><b>Time (seconds)</b></td>
<td><b>Instance</b></td>
</tr>
<tr>
<td title='com.mailchimp.automation.testcases.HomePageTest.verifyLoginTitleTest()'><b>verifyLoginTitleTest</b><br>Test class: com.mailchimp.automation.testcases.HomePageTest</td>
<td><div><pre>java.lang.AssertionError: Title did not matched expected [Login | MailChimp - email marketing made easy] but found [What’s New at MailChimp]
	at com.mailchimp.automation.testcases.HomePageTest.verifyLoginTitleTest(HomePageTest.java:76)
	at com.mailchimp.automation.suite.TestStarter.start(TestStarter.java:37)
	at com.mailchimp.automation.MailChimpApp.main(MailChimpApp.java:20)
... Removed 27 stack frames</pre></div><a href='#' onClick='toggleBox("stack-trace1808527451", this, "Click to show all stack frames", "Click to hide stack frames")'>Click to show all stack frames</a>
<div class='stack-trace' id='stack-trace1808527451'><pre>java.lang.AssertionError: Title did not matched expected [Login | MailChimp - email marketing made easy] but found [What’s New at MailChimp]
	at org.testng.Assert.fail(Assert.java:93)
	at org.testng.Assert.failNotEquals(Assert.java:512)
	at org.testng.Assert.assertEqualsImpl(Assert.java:134)
	at org.testng.Assert.assertEquals(Assert.java:115)
	at org.testng.Assert.assertEquals(Assert.java:189)
	at com.mailchimp.automation.testcases.HomePageTest.verifyLoginTitleTest(HomePageTest.java:76)
	at java.base/jdk.internal.reflect.NativeMethodAccessorImpl.invoke0(Native Method)
	at java.base/jdk.internal.reflect.NativeMethodAccessorImpl.invoke(Unknown Source)
	at java.base/jdk.internal.reflect.DelegatingMethodAccessorImpl.invoke(Unknown Source)
	at java.base/java.lang.reflect.Method.invoke(Unknown Source)
	at org.testng.internal.MethodInvocationHelper.invokeMethod(MethodInvocationHelper.java:108)
	at org.testng.internal.Invoker.invokeMethod(Invoker.java:661)
	at org.testng.internal.Invoker.invokeTestMethod(Invoker.java:869)
	at org.testng.internal.Invoker.invokeTestMethods(Invoker.java:1193)
	at org.testng.internal.TestMethodWorker.invokeTestMethods(TestMethodWorker.java:126)
	at org.testng.internal.TestMethodWorker.run(TestMethodWorker.java:109)
	at org.testng.TestRunner.privateRun(TestRunner.java:744)
	at org.testng.TestRunner.run(TestRunner.java:602)
	at org.testng.SuiteRunner.runTest(SuiteRunner.java:380)
	at org.testng.SuiteRunner.runSequentially(SuiteRunner.java:375)
	at org.testng.SuiteRunner.privateRun(SuiteRunner.java:340)
	at org.testng.SuiteRunner.run(SuiteRunner.java:289)
	at org.testng.SuiteRunnerWorker.runSuite(SuiteRunnerWorker.java:52)
	at org.testng.SuiteRunnerWorker.run(SuiteRunnerWorker.java:86)
	at org.testng.TestNG.runSuitesSequentially(TestNG.java:1301)
	at org.testng.TestNG.runSuitesLocally(TestNG.java:1226)
	at org.testng.TestNG.runSuites(TestNG.java:1144)
	at org.testng.TestNG.run(TestNG.java:1115)
	at com.mailchimp.automation.suite.TestStarter.start(TestStarter.java:37)
	at com.mailchimp.automation.MailChimpApp.main(MailChimpApp.java:20)
</pre></div></td>
<td>0</td>
<td>com.mailchimp.automation.testcases.HomePageTest@5778826f</td></tr>
<tr>
<td title='com.mailchimp.automation.testcases.HomePageTest.verifySignUpTitleTest()'><b>verifySignUpTitleTest</b><br>Test class: com.mailchimp.automation.testcases.HomePageTest</td>
<td><div><pre>java.lang.AssertionError: Title did not matched expected [MailChimp | Signup] but found [What’s New at MailChimp]
	at com.mailchimp.automation.testcases.HomePageTest.verifySignUpTitleTest(HomePageTest.java:83)
	at com.mailchimp.automation.suite.TestStarter.start(TestStarter.java:37)
	at com.mailchimp.automation.MailChimpApp.main(MailChimpApp.java:20)
... Removed 27 stack frames</pre></div><a href='#' onClick='toggleBox("stack-trace810169941", this, "Click to show all stack frames", "Click to hide stack frames")'>Click to show all stack frames</a>
<div class='stack-trace' id='stack-trace810169941'><pre>java.lang.AssertionError: Title did not matched expected [MailChimp | Signup] but found [What’s New at MailChimp]
	at org.testng.Assert.fail(Assert.java:93)
	at org.testng.Assert.failNotEquals(Assert.java:512)
	at org.testng.Assert.assertEqualsImpl(Assert.java:134)
	at org.testng.Assert.assertEquals(Assert.java:115)
	at org.testng.Assert.assertEquals(Assert.java:189)
	at com.mailchimp.automation.testcases.HomePageTest.verifySignUpTitleTest(HomePageTest.java:83)
	at java.base/jdk.internal.reflect.NativeMethodAccessorImpl.invoke0(Native Method)
	at java.base/jdk.internal.reflect.NativeMethodAccessorImpl.invoke(Unknown Source)
	at java.base/jdk.internal.reflect.DelegatingMethodAccessorImpl.invoke(Unknown Source)
	at java.base/java.lang.reflect.Method.invoke(Unknown Source)
	at org.testng.internal.MethodInvocationHelper.invokeMethod(MethodInvocationHelper.java:108)
	at org.testng.internal.Invoker.invokeMethod(Invoker.java:661)
	at org.testng.internal.Invoker.invokeTestMethod(Invoker.java:869)
	at org.testng.internal.Invoker.invokeTestMethods(Invoker.java:1193)
	at org.testng.internal.TestMethodWorker.invokeTestMethods(TestMethodWorker.java:126)
	at org.testng.internal.TestMethodWorker.run(TestMethodWorker.java:109)
	at org.testng.TestRunner.privateRun(TestRunner.java:744)
	at org.testng.TestRunner.run(TestRunner.java:602)
	at org.testng.SuiteRunner.runTest(SuiteRunner.java:380)
	at org.testng.SuiteRunner.runSequentially(SuiteRunner.java:375)
	at org.testng.SuiteRunner.privateRun(SuiteRunner.java:340)
	at org.testng.SuiteRunner.run(SuiteRunner.java:289)
	at org.testng.SuiteRunnerWorker.runSuite(SuiteRunnerWorker.java:52)
	at org.testng.SuiteRunnerWorker.run(SuiteRunnerWorker.java:86)
	at org.testng.TestNG.runSuitesSequentially(TestNG.java:1301)
	at org.testng.TestNG.runSuitesLocally(TestNG.java:1226)
	at org.testng.TestNG.runSuites(TestNG.java:1144)
	at org.testng.TestNG.run(TestNG.java:1115)
	at com.mailchimp.automation.suite.TestStarter.start(TestStarter.java:37)
	at com.mailchimp.automation.MailChimpApp.main(MailChimpApp.java:20)
</pre></div></td>
<td>0</td>
<td>com.mailchimp.automation.testcases.HomePageTest@5778826f</td></tr>
</table><p>
<table width='100%' border='1' class='invocation-passed'>
<tr><td colspan='4' align='center'><b>PASSED TESTS</b></td></tr>
<tr><td><b>Test method</b></td>
<td width="30%"><b>Exception</b></td>
<td width="10%"><b>Time (seconds)</b></td>
<td><b>Instance</b></td>
</tr>
<tr>
<td title='com.mailchimp.automation.testcases.HomePageTest.verifyBlogTitleTest()'><b>verifyBlogTitleTest</b><br>Test class: com.mailchimp.automation.testcases.HomePageTest</td>
<td></td>
<td>19</td>
<td>com.mailchimp.automation.testcases.HomePageTest@5778826f</td></tr>
<tr>
<td title='com.mailchimp.automation.testcases.HomePageTest.verifyFeaturesTitleTest()'><b>verifyFeaturesTitleTest</b><br>Test class: com.mailchimp.automation.testcases.HomePageTest</td>
<td></td>
<td>59</td>
<td>com.mailchimp.automation.testcases.HomePageTest@5778826f</td></tr>
<tr>
<td title='com.mailchimp.automation.testcases.HomePageTest.verifyHomePageTitleTest()'><b>verifyHomePageTitleTest</b><br>Test class: com.mailchimp.automation.testcases.HomePageTest</td>
<td></td>
<td>0</td>
<td>com.mailchimp.automation.testcases.HomePageTest@5778826f</td></tr>
<tr>
<td title='com.mailchimp.automation.testcases.HomePageTest.verifyLearningTitleTest()'><b>verifyLearningTitleTest</b><br>Test class: com.mailchimp.automation.testcases.HomePageTest</td>
<td></td>
<td>46</td>
<td>com.mailchimp.automation.testcases.HomePageTest@5778826f</td></tr>
<tr>
<td title='com.mailchimp.automation.testcases.HomePageTest.verifyPricingTitleTest()'><b>verifyPricingTitleTest</b><br>Test class: com.mailchimp.automation.testcases.HomePageTest</td>
<td></td>
<td>6</td>
<td>com.mailchimp.automation.testcases.HomePageTest@5778826f</td></tr>
<tr>
<td title='com.mailchimp.automation.testcases.HomePageTest.verifySupportTitleTest()'><b>verifySupportTitleTest</b><br>Test class: com.mailchimp.automation.testcases.HomePageTest</td>
<td></td>
<td>7</td>
<td>com.mailchimp.automation.testcases.HomePageTest@5778826f</td></tr>
<tr>
<td title='com.mailchimp.automation.testcases.HomePageTest.verifyWhatsNewTitleTest()'><b>verifyWhatsNewTitleTest</b><br>Test class: com.mailchimp.automation.testcases.HomePageTest</td>
<td></td>
<td>26</td>
<td>com.mailchimp.automation.testcases.HomePageTest@5778826f</td></tr>
</table><p>
</body>
</html>