<?xml version="1.0" encoding="UTF-8"?>
<!-- Generated by org.testng.reporters.JUnitXMLReporter -->
<testsuite ignored="0" hostname="DESKTOP-T0TIKOH" failures="1" tests="5" name="Test Automation MailChimp" time="20.371" errors="0" timestamp="09 Aug 2018 18:52:20 GMT">
  <testcase classname="com.mailchimp.automation.testcases.HomePageTest" name="verifyHomeHeaderElement" time="0.675"/>
  <testcase classname="com.mailchimp.automation.testcases.HomePageTest" name="verifyHomePageTitleTest" time="0.016"/>
  <testcase classname="com.mailchimp.automation.testcases.SignUpPageTest" name="verifySignUpWithInvalidEmail" time="3.48"/>
  <testcase classname="com.mailchimp.automation.testcases.SignUpPageTest" name="verifySignUpWithExistingUser" time="3.455"/>
  <testcase classname="com.mailchimp.automation.testcases.SignUpPageTest" name="verifySignUpValidInfo" time="2.144">
    <failure type="java.lang.AssertionError" message="expected [Check your email!] but found [Please check your entry and try again.]">
      <![CDATA[java.lang.AssertionError: expected [Check your email!] but found [Please check your entry and try again.]
	at com.mailchimp.automation.testcases.SignUpPageTest.verifySignUpValidInfo(SignUpPageTest.java:54)
	at com.mailchimp.automation.suite.TestStarter.start(TestStarter.java:37)
	at com.mailchimp.automation.MailChimpApp.main(MailChimpApp.java:22)
... Removed 28 stack frames]]>
    </failure>
  </testcase> <!-- verifySignUpValidInfo -->
</testsuite> <!-- Test Automation MailChimp -->
