<?xml version="1.0" encoding="UTF-8"?>
<testng-results ignored="0" total="1" passed="1" failed="0" skipped="0">
  <reporter-output>
  </reporter-output>
  <suite started-at="2018-08-09T11:37:36Z" name="MailChimp_Demo_QA_Automation_Test_Report" finished-at="2018-08-09T11:37:46Z" duration-ms="9613">
    <groups>
    </groups>
    <test started-at="2018-08-09T11:37:36Z" name="Test Automation MailChimp" finished-at="2018-08-09T11:37:46Z" duration-ms="9613">
      <class name="com.mailchimp.automation.testcases.SignUpPageTest">
        <test-method is-config="true" signature="setUp()[pri:0, instance:com.mailchimp.automation.testcases.SignUpPageTest@73ff4fae]" started-at="2018-08-09T17:36:22Z" name="setUp" finished-at="2018-08-09T17:37:36Z" duration-ms="74106" status="PASS">
          <reporter-output>
          </reporter-output>
        </test-method> <!-- setUp -->
        <test-method signature="signUpWithInvalidEmailTest()[pri:2, instance:com.mailchimp.automation.testcases.SignUpPageTest@73ff4fae]" started-at="2018-08-09T17:37:37Z" name="signUpWithInvalidEmailTest" finished-at="2018-08-09T17:37:41Z" duration-ms="4018" status="PASS">
          <reporter-output>
          </reporter-output>
        </test-method> <!-- signUpWithInvalidEmailTest -->
        <test-method is-config="true" signature="cleanUp()[pri:0, instance:com.mailchimp.automation.testcases.SignUpPageTest@73ff4fae]" started-at="2018-08-09T17:37:41Z" name="cleanUp" finished-at="2018-08-09T17:37:46Z" duration-ms="4281" status="PASS">
          <reporter-output>
          </reporter-output>
        </test-method> <!-- cleanUp -->
      </class> <!-- com.mailchimp.automation.testcases.SignUpPageTest -->
    </test> <!-- Test Automation MailChimp -->
  </suite> <!-- MailChimp_Demo_QA_Automation_Test_Report -->
</testng-results>
