<?xml version="1.0" encoding="UTF-8"?>
<!-- Generated by org.testng.reporters.JUnitXMLReporter -->
<testsuite ignored="0" hostname="DESKTOP-0E4BT9V" failures="0" tests="11" name="Test Automation MailChimp4" time="125.593" errors="0" timestamp="10 Aug 2018 10:53:47 GMT">
  <testcase classname="com.mailchimp.automation.testcases.DashBoardPageTest" name="checkTitle" time="0.01"/>
  <testcase classname="com.mailchimp.automation.testcases.DashBoardPageTest" name="clickToReport" time="2.527"/>
  <testcase classname="com.mailchimp.automation.testcases.DashBoardPageTest" name="clickToListlink" time="1.779"/>
  <testcase classname="com.mailchimp.automation.testcases.DashBoardPageTest" name="clickToCampaignLink" time="1.668"/>
  <testcase classname="com.mailchimp.automation.testcases.DashBoardPageTest" name="clickToTemplateLink" time="1.406"/>
  <testcase classname="com.mailchimp.automation.testcases.DashBoardPageTest" name="clickToHelpLink" time="4.391"/>
  <testcase classname="com.mailchimp.automation.testcases.DashBoardPageTest" name="clickToProfile" time="1.992"/>
  <testcase classname="com.mailchimp.automation.testcases.DashBoardPageTest" name="clickToAccount" time="2.335"/>
  <testcase classname="com.mailchimp.automation.testcases.DashBoardPageTest" name="clickToConnectedSite" time="7.579"/>
  <testcase classname="com.mailchimp.automation.testcases.DashBoardPageTest" name="clickToNotification" time="1.137"/>
  <testcase classname="com.mailchimp.automation.testcases.DashBoardPageTest" name="clickToLogout" time="4.951"/>
</testsuite> <!-- Test Automation MailChimp4 -->
